time="2022-12-07T16:26:07+03:00" level=info msg="read application configuration" func="go.mod/internal/config.GetConfig.func1()" file="config.go:33"
time="2022-12-07T16:26:07+03:00" level=info func="go.mod/internal/config.GetConfig.func1()" file="config.go:37"
time="2022-12-07T16:26:07+03:00" level=fatal msg="open config.yml: no such file or directory" func="go.mod/internal/config.GetConfig.func1()" file="config.go:38"
time="2022-12-07T16:27:20+03:00" level=info msg="read application configuration" func="go.mod/internal/config.GetConfig.func1()" file="config.go:33"
time="2022-12-07T16:27:20+03:00" level=info func="go.mod/internal/config.GetConfig.func1()" file="config.go:37"
time="2022-12-07T16:27:20+03:00" level=fatal msg="open go.mod/config.yml: no such file or directory" func="go.mod/internal/config.GetConfig.func1()" file="config.go:38"
time="2022-12-07T16:29:38+03:00" level=info msg="read application configuration" func="go.mod/internal/config.GetConfig.func1()" file="config.go:33"
time="2022-12-07T16:29:38+03:00" level=info func="go.mod/internal/config.GetConfig.func1()" file="config.go:37"
time="2022-12-07T16:29:38+03:00" level=fatal msg="open config.yml: no such file or directory" func="go.mod/internal/config.GetConfig.func1()" file="config.go:38"
time="2022-12-07T16:32:03+03:00" level=info msg="read application configuration" func="go.mod/internal/config.GetConfig.func1()" file="config.go:33"
time="2022-12-07T16:32:03+03:00" level=info func="go.mod/internal/config.GetConfig.func1()" file="config.go:37"
time="2022-12-07T16:32:03+03:00" level=fatal msg="open config.yml: no such file or directory" func="go.mod/internal/config.GetConfig.func1()" file="config.go:38"
time="2022-12-07T16:33:24+03:00" level=info msg="read application configuration" func="go.mod/internal/config.GetConfig.func1()" file="config.go:33"
time="2022-12-07T16:33:24+03:00" level=info func="go.mod/internal/config.GetConfig.func1()" file="config.go:37"
time="2022-12-07T16:33:24+03:00" level=fatal msg="open home/serpc/project/golang/Project_l/finally/internal/config/config.yml: no such file or directory" func="go.mod/internal/config.GetConfig.func1()" file="config.go:38"
time="2022-12-07T16:34:02+03:00" level=info msg="read application configuration" func="go.mod/internal/config.GetConfig.func1()" file="config.go:33"
time="2022-12-07T16:34:02+03:00" level=info func="go.mod/internal/config.GetConfig.func1()" file="config.go:37"
time="2022-12-07T16:34:02+03:00" level=fatal msg="open home/serpc/project/golang/Project_l/finally/config.yml: no such file or directory" func="go.mod/internal/config.GetConfig.func1()" file="config.go:38"
time="2022-12-07T16:34:26+03:00" level=info msg="read application configuration" func="go.mod/internal/config.GetConfig.func1()" file="config.go:33"
time="2022-12-07T16:34:26+03:00" level=trace msg="SQL Query: SELECT id, login, state, access_token, refresh_token FROM AuthData WHERE login = $1" func="go.mod/internal/authdata/db.(*repository).FindOne()" file="postgresql.go:80"
time="2022-12-07T16:34:26+03:00" level=fatal msg="ОШИБКА: отношение \"authdata\" не существует (SQLSTATE 42P01)" func="main.main()" file="main.go:23"
time="2022-12-07T16:38:39+03:00" level=info msg="read application configuration" func="go.mod/internal/config.GetConfig.func1()" file="config.go:33"
time="2022-12-07T16:38:39+03:00" level=trace msg="SQL Query: SELECT id, login, state, access_token, refresh_token FROM AuthData WHERE login = $1" func="go.mod/internal/authdata/db.(*repository).FindOne()" file="postgresql.go:80"
time="2022-12-07T16:38:39+03:00" level=fatal msg="ОШИБКА: отношение \"authdata\" не существует (SQLSTATE 42P01)" func="main.main()" file="main.go:23"
time="2022-12-07T16:49:51+03:00" level=info msg="read application configuration" func="go.mod/internal/config.GetConfig.func1()" file="config.go:33"
time="2022-12-07T16:49:51+03:00" level=trace msg="SQL Query: INSERT INTO AuthData (login,state, access_token, refresh_token) VALUES ($1, $2, $3,$4) RETURNING id" func="go.mod/internal/authdata/db.(*repository).Create()" file="postgresql.go:31"
time="2022-12-07T16:49:51+03:00" level=error msg="SQL Error: отношение \"authdata\" не существует, Detail: , Where: , Code: 42P01, SQLState: 42P01" func="go.mod/internal/authdata/db.(*repository).Create()" file="postgresql.go:38"
time="2022-12-07T16:49:51+03:00" level=fatal msg="SQL Error: отношение \"authdata\" не существует, Detail: , Where: , Code: 42P01, SQLState: 42P01" func="main.main()" file="main.go:30"
time="2022-12-07T16:53:20+03:00" level=info msg="read application configuration" func="go.mod/internal/config.GetConfig.func1()" file="config.go:33"
time="2022-12-07T16:53:20+03:00" level=trace msg="SQL Query: INSERT INTO userauth (login,state, access_token, refresh_token) VALUES ($1, $2, $3,$4) RETURNING id" func="go.mod/internal/authdata/db.(*repository).Create()" file="postgresql.go:31"
time="2022-12-07T16:53:20+03:00" level=fatal msg="expected 4 arguments, got 5" func="main.main()" file="main.go:30"
time="2022-12-07T16:55:20+03:00" level=info msg="read application configuration" func="go.mod/internal/config.GetConfig.func1()" file="config.go:33"
time="2022-12-07T16:55:20+03:00" level=trace msg="SQL Query: INSERT INTO userauth (login,state, access_token, refresh_token) VALUES ($1, $2, $3,$4) RETURNING id" func="go.mod/internal/authdata/db.(*repository).Create()" file="postgresql.go:31"
time="2022-12-07T16:55:20+03:00" level=fatal msg="expected 4 arguments, got 5" func="main.main()" file="main.go:30"
time="2022-12-07T16:56:38+03:00" level=info msg="read application configuration" func="go.mod/internal/config.GetConfig.func1()" file="config.go:33"
time="2022-12-07T16:56:38+03:00" level=trace msg="SQL Query: INSERT INTO userauth (id, login, state, access_token, refresh_token) VALUES ($1, $2, $3,$4) RETURNING id" func="go.mod/internal/authdata/db.(*repository).Create()" file="postgresql.go:31"
time="2022-12-07T16:56:38+03:00" level=error msg="SQL Error: INSERT содержит больше целевых столбцов, чем выражений, Detail: , Where: , Code: 42601, SQLState: 42601" func="go.mod/internal/authdata/db.(*repository).Create()" file="postgresql.go:38"
time="2022-12-07T16:56:38+03:00" level=fatal msg="SQL Error: INSERT содержит больше целевых столбцов, чем выражений, Detail: , Where: , Code: 42601, SQLState: 42601" func="main.main()" file="main.go:31"
time="2022-12-07T16:57:03+03:00" level=info msg="read application configuration" func="go.mod/internal/config.GetConfig.func1()" file="config.go:33"
time="2022-12-07T16:57:03+03:00" level=trace msg="SQL Query: INSERT INTO userauth (id, login, state, access_token, refresh_token) VALUES ($1, $2, $3,$4, $5) RETURNING id" func="go.mod/internal/authdata/db.(*repository).Create()" file="postgresql.go:31"
time="2022-12-07T16:57:03+03:00" level=fatal msg="expected 5 arguments, got 6" func="main.main()" file="main.go:31"
time="2022-12-07T17:01:22+03:00" level=info msg="read application configuration" func="go.mod/internal/config.GetConfig.func1()" file="config.go:33"
time="2022-12-07T17:01:22+03:00" level=trace msg="SQL Query: INSERT INTO userauth (id, login, state, access_token, refresh_token) VALUES ($1, $2, $3,$4) RETURNING id" func="go.mod/internal/authdata/db.(*repository).Create()" file="postgresql.go:31"
time="2022-12-07T17:01:22+03:00" level=error msg="SQL Error: INSERT содержит больше целевых столбцов, чем выражений, Detail: , Where: , Code: 42601, SQLState: 42601" func="go.mod/internal/authdata/db.(*repository).Create()" file="postgresql.go:38"
time="2022-12-07T17:01:22+03:00" level=fatal msg="SQL Error: INSERT содержит больше целевых столбцов, чем выражений, Detail: , Where: , Code: 42601, SQLState: 42601" func="main.main()" file="main.go:31"
time="2022-12-07T17:01:35+03:00" level=info msg="read application configuration" func="go.mod/internal/config.GetConfig.func1()" file="config.go:33"
time="2022-12-07T17:01:35+03:00" level=trace msg="SQL Query: INSERT INTO userauth (login, state, access_token, refresh_token) VALUES ($1, $2, $3,$4) RETURNING id" func="go.mod/internal/authdata/db.(*repository).Create()" file="postgresql.go:31"
time="2022-12-07T17:01:35+03:00" level=fatal msg="expected 4 arguments, got 5" func="main.main()" file="main.go:31"
time="2022-12-07T17:07:51+03:00" level=info msg="read application configuration" func="go.mod/internal/config.GetConfig.func1()" file="config.go:33"
time="2022-12-07T17:07:51+03:00" level=trace msg="SQL Query: SELECT id, login, state, access_token, refresh_token FROM AuthData WHERE login = $1" func="go.mod/internal/authdata/db.(*repository).FindOne()" file="postgresql.go:80"
time="2022-12-07T17:07:51+03:00" level=fatal msg="ОШИБКА: отношение \"authdata\" не существует (SQLSTATE 42P01)" func="main.main()" file="main.go:33"
time="2022-12-07T17:08:26+03:00" level=info msg="read application configuration" func="go.mod/internal/config.GetConfig.func1()" file="config.go:33"
time="2022-12-07T17:08:26+03:00" level=trace msg="SQL Query: SELECT id, login, state, access_token, refresh_token FROM userauth WHERE login = $1" func="go.mod/internal/authdata/db.(*repository).FindOne()" file="postgresql.go:80"
time="2022-12-07T17:08:51+03:00" level=info msg="read application configuration" func="go.mod/internal/config.GetConfig.func1()" file="config.go:33"
time="2022-12-07T17:08:51+03:00" level=trace msg="SQL Query: SELECT id, login, state, access_token, refresh_token FROM userauth WHERE login = $1" func="go.mod/internal/authdata/db.(*repository).FindOne()" file="postgresql.go:80"
time="2022-12-07T17:12:12+03:00" level=info msg="read application configuration" func="go.mod/internal/config.GetConfig.func1()" file="config.go:33"
time="2022-12-07T17:12:12+03:00" level=trace msg="SQL Query: INSERT INTO userauth (login, state, access_token, refresh_token) VALUES ($1, $2, $3,$4) RETURNING id" func="go.mod/internal/authdata/db.(*repository).Create()" file="postgresql.go:31"
time="2022-12-07T17:12:12+03:00" level=fatal msg="expected 4 arguments, got 5" func="main.main()" file="main.go:30"
time="2022-12-07T17:18:24+03:00" level=info msg="read application configuration" func="go.mod/internal/config.GetConfig.func1()" file="config.go:33"
time="2022-12-07T17:18:24+03:00" level=trace msg="SQL Query: INSERT INTO userauth (login, state, access_token, refresh_token) VALUES ($1, $2, $3, $4) RETURNING id" func="go.mod/internal/authdata/db.(*repository).Create()" file="postgresql.go:31"
time="2022-12-07T17:50:40+03:00" level=info msg="read application configuration" func="go.mod/internal/config.GetConfig.func1()" file="config.go:33"
time="2022-12-07T17:50:40+03:00" level=trace msg="SQL Query: INSERT INTO userauth (id, name, sex, birhdate, weight) VALUES ($1, $2, $3, $4, $5)" func="go.mod/internal/userdata/db.(*repository).Create()" file="postgresql.go:31"
time="2022-12-07T17:50:40+03:00" level=error msg="SQL Error: столбец \"name\" в таблице \"userauth\" не существует, Detail: , Where: , Code: 42703, SQLState: 42703" func="go.mod/internal/userdata/db.(*repository).Create()" file="postgresql.go:38"
time="2022-12-07T17:50:40+03:00" level=fatal msg="SQL Error: столбец \"name\" в таблице \"userauth\" не существует, Detail: , Where: , Code: 42703, SQLState: 42703" func="main.main()" file="main.go:38"
time="2022-12-07T17:51:24+03:00" level=info msg="read application configuration" func="go.mod/internal/config.GetConfig.func1()" file="config.go:33"
time="2022-12-07T17:51:24+03:00" level=trace msg="SQL Query: INSERT INTO userdata (id, name, sex, birhdate, weight) VALUES ($1, $2, $3, $4, $5)" func="go.mod/internal/userdata/db.(*repository).Create()" file="postgresql.go:31"
time="2022-12-07T17:51:24+03:00" level=error msg="SQL Error: столбец \"name\" в таблице \"userdata\" не существует, Detail: , Where: , Code: 42703, SQLState: 42703" func="go.mod/internal/userdata/db.(*repository).Create()" file="postgresql.go:38"
time="2022-12-07T17:51:24+03:00" level=fatal msg="SQL Error: столбец \"name\" в таблице \"userdata\" не существует, Detail: , Where: , Code: 42703, SQLState: 42703" func="main.main()" file="main.go:38"
time="2022-12-07T17:53:45+03:00" level=info msg="read application configuration" func="go.mod/internal/config.GetConfig.func1()" file="config.go:33"
time="2022-12-07T17:53:45+03:00" level=trace msg="SQL Query: INSERT INTO userdata (id, user_name, sex, birhdate, weight) VALUES ($1, $2, $3, $4, $5)" func="go.mod/internal/userdata/db.(*repository).Create()" file="postgresql.go:31"
time="2022-12-07T17:53:45+03:00" level=error msg="SQL Error: столбец \"birhdate\" в таблице \"userdata\" не существует, Detail: , Where: , Code: 42703, SQLState: 42703" func="go.mod/internal/userdata/db.(*repository).Create()" file="postgresql.go:38"
time="2022-12-07T17:53:45+03:00" level=fatal msg="SQL Error: столбец \"birhdate\" в таблице \"userdata\" не существует, Detail: , Where: , Code: 42703, SQLState: 42703" func="main.main()" file="main.go:38"
time="2022-12-07T17:54:22+03:00" level=info msg="read application configuration" func="go.mod/internal/config.GetConfig.func1()" file="config.go:33"
time="2022-12-07T17:54:22+03:00" level=trace msg="SQL Query: INSERT INTO userdata (id, user_name, sex, birthdate, weight) VALUES ($1, $2, $3, $4, $5)" func="go.mod/internal/userdata/db.(*repository).Create()" file="postgresql.go:31"
time="2022-12-07T17:54:22+03:00" level=fatal msg="expected 5 arguments, got 4" func="main.main()" file="main.go:38"
time="2022-12-07T17:55:07+03:00" level=info msg="read application configuration" func="go.mod/internal/config.GetConfig.func1()" file="config.go:33"
time="2022-12-07T17:55:07+03:00" level=trace msg="SQL Query: INSERT INTO userdata (id, user_name, sex, birthdate, weight) VALUES ($1, $2, $3, $4, $5)" func="go.mod/internal/userdata/db.(*repository).Create()" file="postgresql.go:31"
time="2022-12-07T17:55:07+03:00" level=error msg="SQL Error: повторяющееся значение ключа нарушает ограничение уникальности \"userdata_pkey\", Detail: Ключ \"(id)=(1)\" уже существует., Where: , Code: 23505, SQLState: 23505" func="go.mod/internal/userdata/db.(*repository).Create()" file="postgresql.go:38"
time="2022-12-07T17:55:07+03:00" level=fatal msg="SQL Error: повторяющееся значение ключа нарушает ограничение уникальности \"userdata_pkey\", Detail: Ключ \"(id)=(1)\" уже существует., Where: , Code: 23505, SQLState: 23505" func="main.main()" file="main.go:38"
time="2022-12-07T17:56:05+03:00" level=info msg="read application configuration" func="go.mod/internal/config.GetConfig.func1()" file="config.go:33"
time="2022-12-07T17:56:05+03:00" level=trace msg="SQL Query: INSERT INTO userdata (id, user_name, sex, birthdate, weight) VALUES ($1, $2, $3, $4, $5)" func="go.mod/internal/userdata/db.(*repository).Create()" file="postgresql.go:31"
time="2022-12-07T17:56:05+03:00" level=error msg="SQL Error: повторяющееся значение ключа нарушает ограничение уникальности \"userdata_pkey\", Detail: Ключ \"(id)=(1)\" уже существует., Where: , Code: 23505, SQLState: 23505" func="go.mod/internal/userdata/db.(*repository).Create()" file="postgresql.go:38"
time="2022-12-07T17:56:05+03:00" level=fatal msg="SQL Error: повторяющееся значение ключа нарушает ограничение уникальности \"userdata_pkey\", Detail: Ключ \"(id)=(1)\" уже существует., Where: , Code: 23505, SQLState: 23505" func="main.main()" file="main.go:38"
time="2022-12-07T17:56:30+03:00" level=info msg="read application configuration" func="go.mod/internal/config.GetConfig.func1()" file="config.go:33"
time="2022-12-07T17:56:30+03:00" level=trace msg="SQL Query: INSERT INTO userdata (id, user_name, sex, birthdate, weight) VALUES ($1, $2, $3, $4, $5)" func="go.mod/internal/userdata/db.(*repository).Create()" file="postgresql.go:31"
time="2022-12-07T17:56:30+03:00" level=fatal msg="no rows in result set" func="main.main()" file="main.go:38"
time="2022-12-07T18:00:47+03:00" level=info msg="read application configuration" func="go.mod/internal/config.GetConfig.func1()" file="config.go:33"
time="2022-12-07T18:00:47+03:00" level=trace msg="SQL Query: INSERT INTO userdata (id, user_name, sex, birthdate, weight) VALUES ($1, $2, $3, $4, $5)" func="go.mod/internal/userdata/db.(*repository).Create()" file="postgresql.go:31"
time="2022-12-07T18:00:47+03:00" level=fatal msg="no rows in result set" func="main.main()" file="main.go:38"
time="2022-12-07T20:27:19+03:00" level=info msg="read application configuration" func="go.mod/internal/config.GetConfig.func1()" file="config.go:33"
time="2022-12-07T20:27:19+03:00" level=trace msg="SQL Query: INSERT INTO userdata (id, user_name, sex, birthdate, weight) VALUES ($1, $2, $3, $4, $5)" func="go.mod/internal/userdata/db.(*repository).Create()" file="postgresql.go:31"
time="2022-12-07T20:27:19+03:00" level=error msg="SQL Error: повторяющееся значение ключа нарушает ограничение уникальности \"userdata_pkey\", Detail: Ключ \"(id)=(2)\" уже существует., Where: , Code: 23505, SQLState: 23505" func="go.mod/internal/userdata/db.(*repository).Create()" file="postgresql.go:38"
time="2022-12-07T20:27:19+03:00" level=fatal msg="SQL Error: повторяющееся значение ключа нарушает ограничение уникальности \"userdata_pkey\", Detail: Ключ \"(id)=(2)\" уже существует., Where: , Code: 23505, SQLState: 23505" func="main.main()" file="main.go:40"
time="2022-12-07T22:04:52+03:00" level=info msg="read application configuration" func="go.mod/internal/config.GetConfig.func1()" file="config.go:33"
time="2022-12-07T22:04:52+03:00" level=trace msg="SQL Query:  DELETE FROM userdata RETURNING id=$1 " func="go.mod/internal/userdata/db.(*repository).Delete()" file="postgresql.go:79"
time="2022-12-07T22:04:52+03:00" level=fatal msg="can't scan into dest[0]: unable to assign to string" func="main.main()" file="main.go:65"
time="2022-12-07T22:10:37+03:00" level=info msg="read application configuration" func="go.mod/internal/config.GetConfig.func1()" file="config.go:33"
time="2022-12-07T22:10:37+03:00" level=trace msg="SQL Query: INSERT INTO userdata (id, user_name, sex, birthdate, weight) VALUES ($1, $2, $3, $4, $5)" func="go.mod/internal/userdata/db.(*repository).Create()" file="postgresql.go:27"
time="2022-12-07T22:10:37+03:00" level=fatal msg="no rows in result set" func="main.main()" file="main.go:66"
time="2022-12-07T22:11:49+03:00" level=info msg="read application configuration" func="go.mod/internal/config.GetConfig.func1()" file="config.go:33"
time="2022-12-07T22:11:49+03:00" level=trace msg="SQL Query: INSERT INTO userdata (id, user_name, sex, birthdate, weight) VALUES ($1, $2, $3, $4, $5)" func="go.mod/internal/userdata/db.(*repository).Create()" file="postgresql.go:27"
time="2022-12-07T22:11:49+03:00" level=fatal msg="no rows in result set" func="main.main()" file="main.go:66"
time="2022-12-07T22:14:08+03:00" level=info msg="read application configuration" func="go.mod/internal/config.GetConfig.func1()" file="config.go:33"
time="2022-12-07T22:14:08+03:00" level=trace msg="SQL Query:  UPDATE userdata SET name = $2, sex = $3, birthdate = $4, weight = $5 WHERE id = $1 RETURNING id " func="go.mod/internal/userdata/db.(*repository).Update()" file="postgresql.go:67"
time="2022-12-07T22:14:08+03:00" level=fatal msg="ОШИБКА: столбец \"name\" в таблице \"userdata\" не существует (SQLSTATE 42703)" func="main.main()" file="main.go:67"
time="2022-12-07T22:14:32+03:00" level=info msg="read application configuration" func="go.mod/internal/config.GetConfig.func1()" file="config.go:33"
time="2022-12-07T22:14:32+03:00" level=trace msg="SQL Query:  UPDATE userdata SET user_name = $2, sex = $3, birthdate = $4, weight = $5 WHERE id = $1 RETURNING id " func="go.mod/internal/userdata/db.(*repository).Update()" file="postgresql.go:67"
time="2022-12-07T22:14:32+03:00" level=fatal msg="expected 5 arguments, got 4" func="main.main()" file="main.go:67"
time="2022-12-07T22:15:16+03:00" level=info msg="read application configuration" func="go.mod/internal/config.GetConfig.func1()" file="config.go:33"
time="2022-12-07T22:15:16+03:00" level=trace msg="SQL Query:  UPDATE userdata SET user_name = $2, sex = $3, birthdate = $4, weight = $5 WHERE id = $1 RETURNING id " func="go.mod/internal/userdata/db.(*repository).Update()" file="postgresql.go:67"
time="2022-12-07T22:15:16+03:00" level=fatal msg="no rows in result set" func="main.main()" file="main.go:67"
time="2022-12-07T22:16:43+03:00" level=info msg="read application configuration" func="go.mod/internal/config.GetConfig.func1()" file="config.go:33"
time="2022-12-07T22:16:43+03:00" level=trace msg="SQL Query:  UPDATE userdata SET user_name = $2, sex = $3, birthdate = $4, weight = $5 WHERE id = $1 RETURNING id " func="go.mod/internal/userdata/db.(*repository).Update()" file="postgresql.go:67"
time="2022-12-07T22:17:12+03:00" level=info msg="read application configuration" func="go.mod/internal/config.GetConfig.func1()" file="config.go:33"
time="2022-12-07T22:17:12+03:00" level=trace msg="SQL Query:  UPDATE userdata SET user_name = $2, sex = $3, birthdate = $4, weight = $5 WHERE id = $1 RETURNING id " func="go.mod/internal/userdata/db.(*repository).Update()" file="postgresql.go:67"
time="2022-12-07T22:17:41+03:00" level=info msg="read application configuration" func="go.mod/internal/config.GetConfig.func1()" file="config.go:33"
time="2022-12-07T22:17:41+03:00" level=trace msg="SQL Query:  UPDATE userdata SET user_name = $2, sex = $3, birthdate = $4, weight = $5 WHERE id = $1 RETURNING id " func="go.mod/internal/userdata/db.(*repository).Update()" file="postgresql.go:67"
